Arguments: 
  /usr/local/bin/node /usr/local/Cellar/yarn/1.5.1_1/libexec/bin/yarn.js add App

PATH: 
  /Users/fujisaki/Desktop/box/myBuild/node_modules/.bin:/Users/fujisaki/.config/yarn/link/node_modules/.bin:/Users/fujisaki/Desktop/box/myBuild/node_modules/.bin:/Users/fujisaki/.config/yarn/link/node_modules/.bin:/usr/local/libexec/lib/node_modules/npm/bin/node-gyp-bin:/usr/local/lib/node_modules/npm/bin/node-gyp-bin:/usr/local/bin/node_modules/npm/bin/node-gyp-bin:/usr/bin:/bin:/usr/sbin:/sbin:/usr/local/bin

Yarn version: 
  1.5.1

Node version: 
  9.9.0

Platform: 
  darwin x64

npm manifest: 
  {
    "name": "myBuild",
    "version": "1.0.0",
    "main": "index.js",
    "license": "MIT",
    "scripts": {
      "start": "parcel src/index.html",
      "build": "parcel build src/index.html -d build"
    },
    "dependencies": {
      "gsap": "^2.0.1",
      "jquery": "^3.3.1",
      "main": "^1.0.1",
      "main.js": "^0.0.1"
    }
  }

yarn manifest: 
  No manifest

Lockfile: 
  # THIS IS AN AUTOGENERATED FILE. DO NOT EDIT THIS FILE DIRECTLY.
  # yarn lockfile v1
  
  
  gsap@^2.0.1:
    version "2.0.1"
    resolved "https://registry.yarnpkg.com/gsap/-/gsap-2.0.1.tgz#c784500e80dc7591131478f0787b67bacc9a8c52"
  
  jquery@^3.3.1:
    version "3.3.1"
    resolved "https://registry.yarnpkg.com/jquery/-/jquery-3.3.1.tgz#958ce29e81c9790f31be7792df5d4d95fc57fbca"
  
  main.js@^0.0.1:
    version "0.0.1"
    resolved "https://registry.yarnpkg.com/main.js/-/main.js-0.0.1.tgz#072b47016a336d42e22d2fb8f6c4d5dc77f0b904"
  
  main@^1.0.1:
    version "1.0.1"
    resolved "https://registry.yarnpkg.com/main/-/main-1.0.1.tgz#886364b6282fd7cb1d606da799e13fef5e9b68b1"
    dependencies:
      minimist "0.0.8"
  
  minimist@0.0.8:
    version "0.0.8"
    resolved "https://registry.yarnpkg.com/minimist/-/minimist-0.0.8.tgz#857fcabfc3397d2625b8228262e86aa7a011b05d"

Trace: 
  Error: https://registry.yarnpkg.com/App: Not found
      at Request.params.callback [as _callback] (/usr/local/Cellar/yarn/1.5.1_1/libexec/lib/cli.js:65019:18)
      at Request.self.callback (/usr/local/Cellar/yarn/1.5.1_1/libexec/lib/cli.js:132430:22)
      at Request.emit (events.js:180:13)
      at Request.<anonymous> (/usr/local/Cellar/yarn/1.5.1_1/libexec/lib/cli.js:133413:10)
      at Request.emit (events.js:180:13)
      at IncomingMessage.<anonymous> (/usr/local/Cellar/yarn/1.5.1_1/libexec/lib/cli.js:133333:12)
      at Object.onceWrapper (events.js:272:13)
      at IncomingMessage.emit (events.js:185:15)
      at endReadableNT (_stream_readable.js:1101:12)
      at process._tickCallback (internal/process/next_tick.js:114:19)
